<?xml version="1.0" encoding="UTF-8"?>
<!-- Generated by org.testng.reporters.JUnitXMLReporter -->
<testsuite ignored="0" hostname="DESKTOP-714PCE5" failures="0" tests="6" name="Test for Chrome browser" time="75.445" errors="0" timestamp="2021-09-01T00:10:09 MSK">
  <testcase classname="Tests.SignInTest" name="succeedAuthorization" time="21.16"/>
  <testcase classname="Tests.SignInTest" name="succeedAuthorization" time="24.911"/>
  <testcase classname="Tests.SignInTest" name="wrongAuthorization" time="15.198"/>
  <testcase classname="Tests.SignInTest" name="goToRegistrationPage" time="20.004"/>
  <testcase classname="Tests.SignInTest" name="wrongAuthorization" time="32.658"/>
  <testcase classname="Tests.SignInTest" name="goToForgotPasswordPage" time="18.342"/>
</testsuite> <!-- Test for Chrome browser -->
