<?xml version="1.0" encoding="UTF-8"?>
<!-- Generated by org.testng.reporters.JUnitXMLReporter -->
<testsuite ignored="0" hostname="DESKTOP-714PCE5" failures="3" tests="4" name="Test for Chrome browser" time="31.901" errors="0" timestamp="2021-08-30T15:53:01 MSK">
  <testcase classname="Tests.SignInTest" name="succeedAuthorization" time="8.136"/>
  <testcase classname="Tests.SignInTest" name="wrongAuthorization" time="7.484">
    <failure type="com.codeborne.selenide.ex.ElementNotFound" message="Element not found {[role=&amp;quot;presentation&amp;quot;]/By.tagName: input.findBy(attribute type=&amp;quot;email&amp;quot;)}
Expected: visible or transparent: visible or have css value opacity=0
Screenshot: file:/B:/IntelijIdea_projects/Moedelo/build/reports/tests/1630327968405.0.png
Page source: file:/B:/IntelijIdea_projects/Moedelo/build/reports/tests/1630327968405.0.html
Timeout: 4 s.
Caused by: Element not found {[role=&amp;quot;presentation&amp;quot;]/By.tagName: input.findBy(attribute type=&amp;quot;email&amp;quot;)}
Expected: attribute type=&amp;quot;email&amp;quot;
Screenshot: null
Timeout: 0 ms.">
      <![CDATA[Element not found {[role="presentation"]/By.tagName: input.findBy(attribute type="email")}
Expected: visible or transparent: visible or have css value opacity=0
Screenshot: file:/B:/IntelijIdea_projects/Moedelo/build/reports/tests/1630327968405.0.png
Page source: file:/B:/IntelijIdea_projects/Moedelo/build/reports/tests/1630327968405.0.html
Timeout: 4 s.
Caused by: Element not found {[role="presentation"]/By.tagName: input.findBy(attribute type="email")}
Expected: attribute type="email"
Screenshot: null
Timeout: 0 ms.
at com.codeborne.selenide.impl.WebElementSource.createElementNotFoundError(WebElementSource.java:56)
at com.codeborne.selenide.impl.WebElementSource.checkCondition(WebElementSource.java:87)
at com.codeborne.selenide.impl.WebElementSource.findAndAssertElementIsInteractable(WebElementSource.java:112)
at com.codeborne.selenide.commands.SetValue.execute(SetValue.java:36)
at com.codeborne.selenide.commands.SetValue.execute(SetValue.java:17)
at com.codeborne.selenide.commands.Commands.execute(Commands.java:152)
at com.codeborne.selenide.impl.SelenideElementProxy.dispatchAndRetry(SelenideElementProxy.java:104)
at com.codeborne.selenide.impl.SelenideElementProxy.invoke(SelenideElementProxy.java:70)
at com.sun.proxy.$Proxy14.setValue(Unknown Source)
at Pages.SignInPage.authorizeLogin(SignInPage.java:32)
at Tests.SignInTest.wrongAuthorization(SignInTest.java:28)
at java.base/java.util.ArrayList.forEach(ArrayList.java:1510)
Caused by: Element not found {[role="presentation"]/By.tagName: input.findBy(attribute type="email")}
Expected: attribute type="email"
Screenshot: null
Timeout: 0 ms.
at com.codeborne.selenide.impl.CollectionElementByCondition.getWebElement(CollectionElementByCondition.java:53)
at com.codeborne.selenide.impl.WebElementSource.checkCondition(WebElementSource.java:72)
... 40 more
... Removed 30 stack frames]]>
    </failure>
  </testcase> <!-- wrongAuthorization -->
  <testcase classname="Tests.SignInTest" name="goToRegistrationPage" time="6.172">
    <failure type="com.codeborne.selenide.ex.ElementNotFound" message="Element not found {[href=&amp;quot;https://www.moedelo.org/BizRegistration&amp;quot;]}
Expected: exist
Screenshot: file:/B:/IntelijIdea_projects/Moedelo/build/reports/tests/1630327974604.1.png
Page source: file:/B:/IntelijIdea_projects/Moedelo/build/reports/tests/1630327974604.1.html
Timeout: 4 s.
Caused by: NoSuchElementException: no such element: Unable to locate element: {&amp;quot;method&amp;quot;:&amp;quot;css selector&amp;quot;,&amp;quot;selector&amp;quot;:&amp;quot;[href=&amp;quot;https://www.moedelo.org/BizRegistration&amp;quot;]&amp;quot;}">
      <![CDATA[Element not found {[href="https://www.moedelo.org/BizRegistration"]}
Expected: exist
Screenshot: file:/B:/IntelijIdea_projects/Moedelo/build/reports/tests/1630327974604.1.png
Page source: file:/B:/IntelijIdea_projects/Moedelo/build/reports/tests/1630327974604.1.html
Timeout: 4 s.
Caused by: NoSuchElementException: no such element: Unable to locate element: {"method":"css selector","selector":"[href="https://www.moedelo.org/BizRegistration"]"}
at com.codeborne.selenide.impl.WebElementSource.createElementNotFoundError(WebElementSource.java:56)
at com.codeborne.selenide.impl.ElementFinder.createElementNotFoundError(ElementFinder.java:133)
at com.codeborne.selenide.impl.WebElementSource.checkCondition(WebElementSource.java:87)
at com.codeborne.selenide.commands.Should.execute(Should.java:30)
at com.codeborne.selenide.commands.Should.execute(Should.java:14)
at com.codeborne.selenide.commands.Commands.execute(Commands.java:152)
at com.codeborne.selenide.impl.SelenideElementProxy.dispatchAndRetry(SelenideElementProxy.java:104)
at com.codeborne.selenide.impl.SelenideElementProxy.invoke(SelenideElementProxy.java:70)
at com.sun.proxy.$Proxy14.should(Unknown Source)
at Pages.SignInPage.clickRegistration(SignInPage.java:54)
at Tests.SignInTest.goToRegistrationPage(SignInTest.java:35)
at java.base/java.util.ArrayList.forEach(ArrayList.java:1510)
Caused by: org.openqa.selenium.NoSuchElementException: no such element: Unable to locate element: {"method":"css selector","selector":"[href="https://www.moedelo.org/BizRegistration"]"}
  (Session info: chrome=92.0.4515.159)
For documentation on this error, please visit: https://www.seleniumhq.org/exceptions/no_such_element.html
Build info: version: '3.141.59', revision: 'e82be7d358', time: '2018-11-14T08:17:03'
System info: host: 'DESKTOP-714PCE5', ip: '192.168.56.1', os.name: 'Windows 10', os.arch: 'amd64', os.version: '10.0', java.version: '14'
Driver info: org.openqa.selenium.chrome.ChromeDriver
Capabilities {acceptInsecureCerts: true, browserName: chrome, browserVersion: 92.0.4515.159, chrome: {chromedriverVersion: 92.0.4515.107 (87a818b10553..., userDataDir: C:\Users\regon\AppData\Loca...}, goog:chromeOptions: {debuggerAddress: localhost:61028}, javascriptEnabled: true, networkConnectionEnabled: false, pageLoadStrategy: normal, platform: WINDOWS, platformName: WINDOWS, proxy: Proxy(), setWindowRect: true, strictFileInteractability: false, timeouts: {implicit: 0, pageLoad: 300000, script: 30000}, unhandledPromptBehavior: dismiss and notify, webauthn:extension:credBlob: true, webauthn:extension:largeBlob: true, webauthn:virtualAuthenticators: true}
Session ID: 4059daa3c0a0a82e0e9b09eb41c0fa22
*** Element info: {Using=css selector, value=[href="https://www.moedelo.org/BizRegistration"]}
at org.openqa.selenium.remote.http.W3CHttpResponseCodec.createException(W3CHttpResponseCodec.java:187)
at org.openqa.selenium.remote.http.W3CHttpResponseCodec.decode(W3CHttpResponseCodec.java:122)
at org.openqa.selenium.remote.http.W3CHttpResponseCodec.decode(W3CHttpResponseCodec.java:49)
at org.openqa.selenium.remote.HttpCommandExecutor.execute(HttpCommandExecutor.java:158)
at org.openqa.selenium.remote.service.DriverCommandExecutor.execute(DriverCommandExecutor.java:83)
at org.openqa.selenium.remote.RemoteWebDriver.execute(RemoteWebDriver.java:552)
at org.openqa.selenium.remote.RemoteWebElement.execute(RemoteWebElement.java:285)
at org.openqa.selenium.remote.RemoteWebElement.findElement(RemoteWebElement.java:185)
at org.openqa.selenium.remote.RemoteWebElement.findElementByCssSelector(RemoteWebElement.java:253)
at org.openqa.selenium.By$ByCssSelector.findElement(By.java:431)
at org.openqa.selenium.remote.RemoteWebElement.findElement(RemoteWebElement.java:181)
at com.codeborne.selenide.impl.WebElementSelector.findElement(WebElementSelector.java:65)
at com.codeborne.selenide.impl.WebElementSelector.findElement(WebElementSelector.java:40)
at com.codeborne.selenide.impl.ElementFinder.getWebElement(ElementFinder.java:101)
at com.codeborne.selenide.impl.WebElementSource.checkCondition(WebElementSource.java:72)
... 39 more
... Removed 35 stack frames]]>
    </failure>
  </testcase> <!-- goToRegistrationPage -->
  <testcase classname="Tests.SignInTest" name="goToForgotPasswordPage" time="5.855">
    <failure type="com.codeborne.selenide.ex.ElementNotFound" message="Element not found {[href=&amp;quot;https://www.moedelo.org/ForgotPassword&amp;quot;]}
Expected: exist
Screenshot: file:/B:/IntelijIdea_projects/Moedelo/build/reports/tests/1630327980598.2.png
Page source: file:/B:/IntelijIdea_projects/Moedelo/build/reports/tests/1630327980598.2.html
Timeout: 4 s.
Caused by: NoSuchElementException: no such element: Unable to locate element: {&amp;quot;method&amp;quot;:&amp;quot;css selector&amp;quot;,&amp;quot;selector&amp;quot;:&amp;quot;[href=&amp;quot;https://www.moedelo.org/ForgotPassword&amp;quot;]&amp;quot;}">
      <![CDATA[Element not found {[href="https://www.moedelo.org/ForgotPassword"]}
Expected: exist
Screenshot: file:/B:/IntelijIdea_projects/Moedelo/build/reports/tests/1630327980598.2.png
Page source: file:/B:/IntelijIdea_projects/Moedelo/build/reports/tests/1630327980598.2.html
Timeout: 4 s.
Caused by: NoSuchElementException: no such element: Unable to locate element: {"method":"css selector","selector":"[href="https://www.moedelo.org/ForgotPassword"]"}
at com.codeborne.selenide.impl.WebElementSource.createElementNotFoundError(WebElementSource.java:56)
at com.codeborne.selenide.impl.ElementFinder.createElementNotFoundError(ElementFinder.java:133)
at com.codeborne.selenide.impl.WebElementSource.checkCondition(WebElementSource.java:87)
at com.codeborne.selenide.commands.Should.execute(Should.java:30)
at com.codeborne.selenide.commands.Should.execute(Should.java:14)
at com.codeborne.selenide.commands.Commands.execute(Commands.java:152)
at com.codeborne.selenide.impl.SelenideElementProxy.dispatchAndRetry(SelenideElementProxy.java:104)
at com.codeborne.selenide.impl.SelenideElementProxy.invoke(SelenideElementProxy.java:70)
at com.sun.proxy.$Proxy14.should(Unknown Source)
at Pages.SignInPage.clickForgotPassword(SignInPage.java:46)
at Tests.SignInTest.goToForgotPasswordPage(SignInTest.java:44)
at java.base/java.util.ArrayList.forEach(ArrayList.java:1510)
Caused by: org.openqa.selenium.NoSuchElementException: no such element: Unable to locate element: {"method":"css selector","selector":"[href="https://www.moedelo.org/ForgotPassword"]"}
  (Session info: chrome=92.0.4515.159)
For documentation on this error, please visit: https://www.seleniumhq.org/exceptions/no_such_element.html
Build info: version: '3.141.59', revision: 'e82be7d358', time: '2018-11-14T08:17:03'
System info: host: 'DESKTOP-714PCE5', ip: '192.168.56.1', os.name: 'Windows 10', os.arch: 'amd64', os.version: '10.0', java.version: '14'
Driver info: org.openqa.selenium.chrome.ChromeDriver
Capabilities {acceptInsecureCerts: true, browserName: chrome, browserVersion: 92.0.4515.159, chrome: {chromedriverVersion: 92.0.4515.107 (87a818b10553..., userDataDir: C:\Users\regon\AppData\Loca...}, goog:chromeOptions: {debuggerAddress: localhost:61028}, javascriptEnabled: true, networkConnectionEnabled: false, pageLoadStrategy: normal, platform: WINDOWS, platformName: WINDOWS, proxy: Proxy(), setWindowRect: true, strictFileInteractability: false, timeouts: {implicit: 0, pageLoad: 300000, script: 30000}, unhandledPromptBehavior: dismiss and notify, webauthn:extension:credBlob: true, webauthn:extension:largeBlob: true, webauthn:virtualAuthenticators: true}
Session ID: 4059daa3c0a0a82e0e9b09eb41c0fa22
*** Element info: {Using=css selector, value=[href="https://www.moedelo.org/ForgotPassword"]}
at org.openqa.selenium.remote.http.W3CHttpResponseCodec.createException(W3CHttpResponseCodec.java:187)
at org.openqa.selenium.remote.http.W3CHttpResponseCodec.decode(W3CHttpResponseCodec.java:122)
at org.openqa.selenium.remote.http.W3CHttpResponseCodec.decode(W3CHttpResponseCodec.java:49)
at org.openqa.selenium.remote.HttpCommandExecutor.execute(HttpCommandExecutor.java:158)
at org.openqa.selenium.remote.service.DriverCommandExecutor.execute(DriverCommandExecutor.java:83)
at org.openqa.selenium.remote.RemoteWebDriver.execute(RemoteWebDriver.java:552)
at org.openqa.selenium.remote.RemoteWebElement.execute(RemoteWebElement.java:285)
at org.openqa.selenium.remote.RemoteWebElement.findElement(RemoteWebElement.java:185)
at org.openqa.selenium.remote.RemoteWebElement.findElementByCssSelector(RemoteWebElement.java:253)
at org.openqa.selenium.By$ByCssSelector.findElement(By.java:431)
at org.openqa.selenium.remote.RemoteWebElement.findElement(RemoteWebElement.java:181)
at com.codeborne.selenide.impl.WebElementSelector.findElement(WebElementSelector.java:65)
at com.codeborne.selenide.impl.WebElementSelector.findElement(WebElementSelector.java:40)
at com.codeborne.selenide.impl.ElementFinder.getWebElement(ElementFinder.java:101)
at com.codeborne.selenide.impl.WebElementSource.checkCondition(WebElementSource.java:72)
... 39 more
... Removed 35 stack frames]]>
    </failure>
  </testcase> <!-- goToForgotPasswordPage -->
</testsuite> <!-- Test for Chrome browser -->
